2023-09-23T06:30:08+00:00 CRITICAL Uncaught Error: Call to a member function get_customer_id() on null in C:\xampp\htdocs\voliko\wp-content\plugins\netbase_solutions\core\modules\pluggable\pluggable.php:152
Stack trace:
#0 C:\xampp\htdocs\voliko\wp-includes\class-wp-hook.php(310): NBT_Solutions_Pluggable::frontend_enqueue_scripts('')
#1 C:\xampp\htdocs\voliko\wp-includes\class-wp-hook.php(334): WP_Hook->apply_filters(NULL, Array)
#2 C:\xampp\htdocs\voliko\wp-includes\plugin.php(517): WP_Hook->do_action(Array)
#3 C:\xampp\htdocs\voliko\wp-includes\script-loader.php(2225): do_action('wp_enqueue_scri...')
#4 C:\xampp\htdocs\voliko\wp-includes\class-wp-hook.php(310): wp_enqueue_scripts('')
#5 C:\xampp\htdocs\voliko\wp-includes\class-wp-hook.php(334): WP_Hook->apply_filters(NULL, Array)
#6 C:\xampp\htdocs\voliko\wp-includes\plugin.php(517): WP_Hook->do_action(Array)
#7 C:\xampp\htdocs\voliko\wp-includes\general-template.php(3053): do_action('wp_head')
#8 C:\xampp\htdocs\voliko\wp-includes\rest-api\endpoints\class-wp-rest-widget-types-controller.php(630): wp_head()
#9 C:\xampp\htdocs\voliko\wp-includes\rest-api\endpoints\class-wp-rest-widget-types-controller.php(602): WP_REST_Widget_Types_Controller->render_legacy_widget_preview_iframe('wpnetbase-image...', Array)
#10 C:\xampp\htdocs\voliko\wp-includes\rest-api\class-wp-rest-server.php(1188): WP_REST_Widget_Types_Controller->render(Object(WP_REST_Request))
#11 C:\xampp\htdocs\voliko\wp-includes\rest-api\class-wp-rest-server.php(1035): WP_REST_Server->respond_to_request(Object(WP_REST_Request), '/wp/v2/widget-t...', Array, NULL)
#12 C:\xampp\htdocs\voliko\wp-includes\rest-api\class-wp-rest-server.php(447): WP_REST_Server->dispatch(Object(WP_REST_Request))
#13 C:\xampp\htdocs\voliko\wp-includes\rest-api.php(418): WP_REST_Server->serve_request('/wp/v2/widget-t...')
#14 C:\xampp\htdocs\voliko\wp-includes\class-wp-hook.php(310): rest_api_loaded(Object(WP))
#15 C:\xampp\htdocs\voliko\wp-includes\class-wp-hook.php(334): WP_Hook->apply_filters(NULL, Array)
#16 C:\xampp\htdocs\voliko\wp-includes\plugin.php(565): WP_Hook->do_action(Array)
#17 C:\xampp\htdocs\voliko\wp-includes\class-wp.php(398): do_action_ref_array('parse_request', Array)
#18 C:\xampp\htdocs\voliko\wp-includes\class-wp.php(779): WP->parse_request('')
#19 C:\xampp\htdocs\voliko\wp-includes\functions.php(1335): WP->main('')
#20 C:\xampp\htdocs\voliko\wp-blog-header.php(16): wp()
#21 C:\xampp\htdocs\voliko\index.php(17): require('C:\\xampp\\htdocs...')
#22 {main}
  thrown di C:\xampp\htdocs\voliko\wp-content\plugins\netbase_solutions\core\modules\pluggable\pluggable.php pada baris 152

