2023-08-31T03:06:33+00:00 DEBUG Automattic\WooCommerce\GoogleListingsAndAds\Product\WCProductAdapter::map_product_categories Product category (ID: 4709): ["Spanduk | Banner | Sign > Cetak Backlite","Spanduk | Banner | Sign"].
2023-08-31T03:06:33+00:00 DEBUG Automattic\WooCommerce\GoogleListingsAndAds\Product\WCProductAdapter::map_product_categories Product category (ID: 4709): ["Spanduk | Banner | Sign > Cetak Backlite","Spanduk | Banner | Sign"].
2023-08-31T03:06:33+00:00 DEBUG Automattic\WooCommerce\GoogleListingsAndAds\Product\WCProductAdapter::map_product_categories Product category (ID: 4709): ["Spanduk | Banner | Sign > Cetak Backlite","Spanduk | Banner | Sign"].
2023-08-31T03:06:33+00:00 DEBUG Automattic\WooCommerce\GoogleListingsAndAds\Product\WCProductAdapter::map_product_categories Product category (ID: 4709): ["Spanduk | Banner | Sign > Cetak Backlite","Spanduk | Banner | Sign"].
2023-08-31T03:06:33+00:00 DEBUG Automattic\WooCommerce\GoogleListingsAndAds\Product\WCProductAdapter::map_product_categories Product category (ID: 4709): ["Spanduk | Banner | Sign > Cetak Backlite","Spanduk | Banner | Sign"].
2023-08-31T03:06:33+00:00 DEBUG Automattic\WooCommerce\GoogleListingsAndAds\Product\WCProductAdapter::map_product_categories Product category (ID: 4709): ["Spanduk | Banner | Sign > Cetak Backlite","Spanduk | Banner | Sign"].
2023-08-31T03:06:33+00:00 DEBUG Automattic\WooCommerce\GoogleListingsAndAds\Product\WCProductAdapter::map_product_categories Product category (ID: 4709): ["Spanduk | Banner | Sign > Cetak Backlite","Spanduk | Banner | Sign"].
2023-08-31T03:06:33+00:00 DEBUG Automattic\WooCommerce\GoogleListingsAndAds\Product\WCProductAdapter::map_product_categories Product category (ID: 4709): ["Spanduk | Banner | Sign > Cetak Backlite","Spanduk | Banner | Sign"].
2023-08-31T03:06:33+00:00 DEBUG Automattic\WooCommerce\GoogleListingsAndAds\Product\WCProductAdapter::map_product_categories Product category (ID: 4715): ["Spanduk | Banner | Sign > Photo Paper","Spanduk | Banner | Sign"].
2023-08-31T03:06:33+00:00 DEBUG Automattic\WooCommerce\GoogleListingsAndAds\Product\WCProductAdapter::map_product_categories Product category (ID: 4715): ["Spanduk | Banner | Sign > Photo Paper","Spanduk | Banner | Sign"].
2023-08-31T03:06:33+00:00 DEBUG Automattic\WooCommerce\GoogleListingsAndAds\Product\WCProductAdapter::map_product_categories Product category (ID: 4715): ["Spanduk | Banner | Sign > Photo Paper","Spanduk | Banner | Sign"].
2023-08-31T03:06:33+00:00 DEBUG Automattic\WooCommerce\GoogleListingsAndAds\Product\WCProductAdapter::map_product_categories Product category (ID: 4715): ["Spanduk | Banner | Sign > Photo Paper","Spanduk | Banner | Sign"].
2023-08-31T03:06:33+00:00 DEBUG Automattic\WooCommerce\GoogleListingsAndAds\Product\WCProductAdapter::map_product_categories Product category (ID: 4719): ["Spanduk | Banner | Sign > Albatros","Spanduk | Banner | Sign"].
2023-08-31T03:06:33+00:00 DEBUG Automattic\WooCommerce\GoogleListingsAndAds\Product\WCProductAdapter::map_product_categories Product category (ID: 4719): ["Spanduk | Banner | Sign > Albatros","Spanduk | Banner | Sign"].
2023-08-31T03:06:33+00:00 DEBUG Automattic\WooCommerce\GoogleListingsAndAds\Product\WCProductAdapter::map_product_categories Product category (ID: 4719): ["Spanduk | Banner | Sign > Albatros","Spanduk | Banner | Sign"].
2023-08-31T03:06:33+00:00 DEBUG Automattic\WooCommerce\GoogleListingsAndAds\Product\WCProductAdapter::map_product_categories Product category (ID: 4719): ["Spanduk | Banner | Sign > Albatros","Spanduk | Banner | Sign"].
2023-08-31T03:06:33+00:00 DEBUG Automattic\WooCommerce\GoogleListingsAndAds\Product\WCProductAdapter::map_product_categories Product category (ID: 4723): ["Spanduk | Banner | Sign > Luster","Spanduk | Banner | Sign"].
2023-08-31T03:06:33+00:00 DEBUG Automattic\WooCommerce\GoogleListingsAndAds\Product\WCProductAdapter::map_product_categories Product category (ID: 4723): ["Spanduk | Banner | Sign > Luster","Spanduk | Banner | Sign"].
2023-08-31T03:06:33+00:00 DEBUG Automattic\WooCommerce\GoogleListingsAndAds\Product\WCProductAdapter::map_product_categories Product category (ID: 4723): ["Spanduk | Banner | Sign > Luster","Spanduk | Banner | Sign"].
2023-08-31T03:06:33+00:00 DEBUG Automattic\WooCommerce\GoogleListingsAndAds\Product\WCProductAdapter::map_product_categories Product category (ID: 4723): ["Spanduk | Banner | Sign > Luster","Spanduk | Banner | Sign"].
2023-08-31T03:06:33+00:00 DEBUG Automattic\WooCommerce\GoogleListingsAndAds\Product\WCProductAdapter::map_product_categories Product category (ID: 4727): ["Spanduk | Banner | Sign > Event Desk","Spanduk | Banner | Sign"].
2023-08-31T03:06:34+00:00 DEBUG Automattic\WooCommerce\GoogleListingsAndAds\Product\WCProductAdapter::map_product_categories Product category (ID: 4727): ["Spanduk | Banner | Sign > Event Desk","Spanduk | Banner | Sign"].
2023-08-31T03:06:34+00:00 DEBUG Automattic\WooCommerce\GoogleListingsAndAds\Product\WCProductAdapter::map_product_categories Product category (ID: 4727): ["Spanduk | Banner | Sign > Event Desk","Spanduk | Banner | Sign"].
2023-08-31T03:06:34+00:00 DEBUG Automattic\WooCommerce\GoogleListingsAndAds\Product\WCProductAdapter::map_product_categories Product category (ID: 4727): ["Spanduk | Banner | Sign > Event Desk","Spanduk | Banner | Sign"].
2023-08-31T03:06:34+00:00 DEBUG Automattic\WooCommerce\GoogleListingsAndAds\Product\WCProductAdapter::map_product_categories Product category (ID: 4727): ["Spanduk | Banner | Sign > Event Desk","Spanduk | Banner | Sign"].
2023-08-31T03:06:34+00:00 DEBUG Automattic\WooCommerce\GoogleListingsAndAds\Product\WCProductAdapter::map_product_categories Product category (ID: 4727): ["Spanduk | Banner | Sign > Event Desk","Spanduk | Banner | Sign"].
2023-08-31T03:06:34+00:00 DEBUG Automattic\WooCommerce\GoogleListingsAndAds\Product\WCProductAdapter::map_product_categories Product category (ID: 4727): ["Spanduk | Banner | Sign > Event Desk","Spanduk | Banner | Sign"].
2023-08-31T03:06:34+00:00 DEBUG Automattic\WooCommerce\GoogleListingsAndAds\Product\WCProductAdapter::map_product_categories Product category (ID: 4727): ["Spanduk | Banner | Sign > Event Desk","Spanduk | Banner | Sign"].
2023-08-31T03:06:34+00:00 DEBUG Automattic\WooCommerce\GoogleListingsAndAds\Product\WCProductAdapter::map_product_categories Product category (ID: 4733): ["Spanduk | Banner | Sign > Mini Banner","Spanduk | Banner | Sign"].
2023-08-31T03:06:34+00:00 DEBUG Automattic\WooCommerce\GoogleListingsAndAds\Product\WCProductAdapter::map_product_categories Product category (ID: 4733): ["Spanduk | Banner | Sign > Mini Banner","Spanduk | Banner | Sign"].
2023-08-31T03:06:34+00:00 DEBUG Automattic\WooCommerce\GoogleListingsAndAds\Product\WCProductAdapter::map_product_categories Product category (ID: 4733): ["Spanduk | Banner | Sign > Mini Banner","Spanduk | Banner | Sign"].
2023-08-31T03:06:34+00:00 DEBUG Automattic\WooCommerce\GoogleListingsAndAds\Product\WCProductAdapter::map_product_categories Product category (ID: 4733): ["Spanduk | Banner | Sign > Mini Banner","Spanduk | Banner | Sign"].
2023-08-31T03:06:34+00:00 DEBUG Automattic\WooCommerce\GoogleListingsAndAds\Product\WCProductAdapter::map_product_categories Product category (ID: 4737): ["Spanduk | Banner | Sign","Spanduk | Banner | Sign > Y-Banner"].
2023-08-31T03:06:34+00:00 DEBUG Automattic\WooCommerce\GoogleListingsAndAds\Product\WCProductAdapter::map_product_categories Product category (ID: 4737): ["Spanduk | Banner | Sign","Spanduk | Banner | Sign > Y-Banner"].
2023-08-31T03:06:34+00:00 DEBUG Automattic\WooCommerce\GoogleListingsAndAds\Product\WCProductAdapter::map_product_categories Product category (ID: 4737): ["Spanduk | Banner | Sign","Spanduk | Banner | Sign > Y-Banner"].
2023-08-31T03:06:34+00:00 DEBUG Automattic\WooCommerce\GoogleListingsAndAds\Product\WCProductAdapter::map_product_categories Product category (ID: 4737): ["Spanduk | Banner | Sign","Spanduk | Banner | Sign > Y-Banner"].
2023-08-31T03:06:34+00:00 DEBUG Automattic\WooCommerce\GoogleListingsAndAds\Product\WCProductAdapter::map_product_categories Product category (ID: 4737): ["Spanduk | Banner | Sign","Spanduk | Banner | Sign > Y-Banner"].
2023-08-31T03:06:34+00:00 DEBUG Automattic\WooCommerce\GoogleListingsAndAds\Product\WCProductAdapter::map_product_categories Product category (ID: 4737): ["Spanduk | Banner | Sign","Spanduk | Banner | Sign > Y-Banner"].
2023-08-31T03:06:34+00:00 DEBUG Automattic\WooCommerce\GoogleListingsAndAds\Product\WCProductAdapter::map_product_categories Product category (ID: 4737): ["Spanduk | Banner | Sign","Spanduk | Banner | Sign > Y-Banner"].
2023-08-31T03:06:34+00:00 DEBUG Automattic\WooCommerce\GoogleListingsAndAds\Product\WCProductAdapter::map_product_categories Product category (ID: 4737): ["Spanduk | Banner | Sign","Spanduk | Banner | Sign > Y-Banner"].
2023-08-31T03:06:34+00:00 DEBUG Automattic\WooCommerce\GoogleListingsAndAds\Product\WCProductAdapter::map_product_categories Product category (ID: 4737): ["Spanduk | Banner | Sign","Spanduk | Banner | Sign > Y-Banner"].
2023-08-31T03:06:34+00:00 DEBUG Automattic\WooCommerce\GoogleListingsAndAds\Product\WCProductAdapter::map_product_categories Product category (ID: 4737): ["Spanduk | Banner | Sign","Spanduk | Banner | Sign > Y-Banner"].
2023-08-31T03:06:34+00:00 DEBUG Automattic\WooCommerce\GoogleListingsAndAds\Product\WCProductAdapter::map_product_categories Product category (ID: 4745): ["Spanduk | Banner | Sign","Spanduk | Banner | Sign > Tripod Banner"].
2023-08-31T03:06:34+00:00 DEBUG Automattic\WooCommerce\GoogleListingsAndAds\Product\WCProductAdapter::map_product_categories Product category (ID: 4745): ["Spanduk | Banner | Sign","Spanduk | Banner | Sign > Tripod Banner"].
2023-08-31T03:06:34+00:00 DEBUG Automattic\WooCommerce\GoogleListingsAndAds\Product\WCProductAdapter::map_product_categories Product category (ID: 4745): ["Spanduk | Banner | Sign","Spanduk | Banner | Sign > Tripod Banner"].
2023-08-31T03:06:34+00:00 DEBUG Automattic\WooCommerce\GoogleListingsAndAds\Product\WCProductAdapter::map_product_categories Product category (ID: 4745): ["Spanduk | Banner | Sign","Spanduk | Banner | Sign > Tripod Banner"].
2023-08-31T03:06:34+00:00 DEBUG Automattic\WooCommerce\GoogleListingsAndAds\Product\WCProductAdapter::map_product_categories Product category (ID: 4749): ["Large Stiker","Large Stiker > Stiker Vinyl China"].
2023-08-31T03:06:34+00:00 DEBUG Automattic\WooCommerce\GoogleListingsAndAds\Product\WCProductAdapter::map_product_categories Product category (ID: 4749): ["Large Stiker","Large Stiker > Stiker Vinyl China"].
2023-08-31T03:06:34+00:00 DEBUG Automattic\WooCommerce\GoogleListingsAndAds\Product\WCProductAdapter::map_product_categories Product category (ID: 4749): ["Large Stiker","Large Stiker > Stiker Vinyl China"].
2023-08-31T03:06:34+00:00 DEBUG Automattic\WooCommerce\GoogleListingsAndAds\Product\WCProductAdapter::map_product_categories Product category (ID: 4749): ["Large Stiker","Large Stiker > Stiker Vinyl China"].
2023-08-31T03:06:34+00:00 DEBUG Automattic\WooCommerce\GoogleListingsAndAds\Product\WCProductAdapter::map_product_categories Product category (ID: 4749): ["Large Stiker","Large Stiker > Stiker Vinyl China"].
2023-08-31T03:06:34+00:00 DEBUG Automattic\WooCommerce\GoogleListingsAndAds\Product\WCProductAdapter::map_product_categories Product category (ID: 4749): ["Large Stiker","Large Stiker > Stiker Vinyl China"].
2023-08-31T03:06:34+00:00 DEBUG Automattic\WooCommerce\GoogleListingsAndAds\Product\WCProductAdapter::map_product_categories Product category (ID: 4749): ["Large Stiker","Large Stiker > Stiker Vinyl China"].
2023-08-31T03:06:34+00:00 DEBUG Automattic\WooCommerce\GoogleListingsAndAds\Product\WCProductAdapter::map_product_categories Product category (ID: 4749): ["Large Stiker","Large Stiker > Stiker Vinyl China"].
2023-08-31T03:06:34+00:00 DEBUG Automattic\WooCommerce\GoogleListingsAndAds\Product\WCProductAdapter::map_product_categories Product category (ID: 4755): ["Large Stiker","Large Stiker > Stiker Vinyl Ritrama"].
2023-08-31T03:06:34+00:00 DEBUG Automattic\WooCommerce\GoogleListingsAndAds\Product\WCProductAdapter::map_product_categories Product category (ID: 4755): ["Large Stiker","Large Stiker > Stiker Vinyl Ritrama"].
2023-08-31T03:06:34+00:00 DEBUG Automattic\WooCommerce\GoogleListingsAndAds\Product\WCProductAdapter::map_product_categories Product category (ID: 4755): ["Large Stiker","Large Stiker > Stiker Vinyl Ritrama"].
2023-08-31T03:06:34+00:00 DEBUG Automattic\WooCommerce\GoogleListingsAndAds\Product\WCProductAdapter::map_product_categories Product category (ID: 4755): ["Large Stiker","Large Stiker > Stiker Vinyl Ritrama"].
2023-08-31T03:06:34+00:00 DEBUG Automattic\WooCommerce\GoogleListingsAndAds\Product\WCProductAdapter::map_product_categories Product category (ID: 4755): ["Large Stiker","Large Stiker > Stiker Vinyl Ritrama"].
2023-08-31T03:06:34+00:00 DEBUG Automattic\WooCommerce\GoogleListingsAndAds\Product\WCProductAdapter::map_product_categories Product category (ID: 4755): ["Large Stiker","Large Stiker > Stiker Vinyl Ritrama"].
2023-08-31T03:06:34+00:00 DEBUG Automattic\WooCommerce\GoogleListingsAndAds\Product\WCProductAdapter::map_product_categories Product category (ID: 4755): ["Large Stiker","Large Stiker > Stiker Vinyl Ritrama"].
2023-08-31T03:06:34+00:00 DEBUG Automattic\WooCommerce\GoogleListingsAndAds\Product\WCProductAdapter::map_product_categories Product category (ID: 4755): ["Large Stiker","Large Stiker > Stiker Vinyl Ritrama"].
2023-08-31T03:06:34+00:00 DEBUG Automattic\WooCommerce\GoogleListingsAndAds\Product\WCProductAdapter::map_product_categories Product category (ID: 4761): ["Large Stiker","Large Stiker > Stiker Vinyl Transparant"].
2023-08-31T03:06:34+00:00 DEBUG Automattic\WooCommerce\GoogleListingsAndAds\Product\WCProductAdapter::map_product_categories Product category (ID: 4761): ["Large Stiker","Large Stiker > Stiker Vinyl Transparant"].
2023-08-31T03:06:34+00:00 DEBUG Automattic\WooCommerce\GoogleListingsAndAds\Product\WCProductAdapter::map_product_categories Product category (ID: 4761): ["Large Stiker","Large Stiker > Stiker Vinyl Transparant"].
2023-08-31T03:06:34+00:00 DEBUG Automattic\WooCommerce\GoogleListingsAndAds\Product\WCProductAdapter::map_product_categories Product category (ID: 4761): ["Large Stiker","Large Stiker > Stiker Vinyl Transparant"].
2023-08-31T03:06:34+00:00 DEBUG Automattic\WooCommerce\GoogleListingsAndAds\Product\WCProductAdapter::map_product_categories Product category (ID: 4761): ["Large Stiker","Large Stiker > Stiker Vinyl Transparant"].
2023-08-31T03:06:34+00:00 DEBUG Automattic\WooCommerce\GoogleListingsAndAds\Product\WCProductAdapter::map_product_categories Product category (ID: 4761): ["Large Stiker","Large Stiker > Stiker Vinyl Transparant"].
2023-08-31T03:06:34+00:00 DEBUG Automattic\WooCommerce\GoogleListingsAndAds\Product\WCProductAdapter::map_product_categories Product category (ID: 4761): ["Large Stiker","Large Stiker > Stiker Vinyl Transparant"].
2023-08-31T03:06:34+00:00 DEBUG Automattic\WooCommerce\GoogleListingsAndAds\Product\WCProductAdapter::map_product_categories Product category (ID: 4761): ["Large Stiker","Large Stiker > Stiker Vinyl Transparant"].
2023-08-31T03:06:34+00:00 DEBUG Automattic\WooCommerce\GoogleListingsAndAds\Product\WCProductAdapter::map_product_categories Product category (ID: 4766): ["Large Stiker","Large Stiker > Stiker One Way"].
2023-08-31T03:06:34+00:00 DEBUG Automattic\WooCommerce\GoogleListingsAndAds\Product\WCProductAdapter::map_product_categories Product category (ID: 4766): ["Large Stiker","Large Stiker > Stiker One Way"].
2023-08-31T03:06:34+00:00 DEBUG Automattic\WooCommerce\GoogleListingsAndAds\Product\WCProductAdapter::map_product_categories Product category (ID: 4766): ["Large Stiker","Large Stiker > Stiker One Way"].
2023-08-31T03:06:34+00:00 DEBUG Automattic\WooCommerce\GoogleListingsAndAds\Product\WCProductAdapter::map_product_categories Product category (ID: 4766): ["Large Stiker","Large Stiker > Stiker One Way"].
2023-08-31T03:06:34+00:00 DEBUG Automattic\WooCommerce\GoogleListingsAndAds\Product\WCProductAdapter::map_product_categories Product category (ID: 4766): ["Large Stiker","Large Stiker > Stiker One Way"].
2023-08-31T03:06:34+00:00 DEBUG Automattic\WooCommerce\GoogleListingsAndAds\Product\WCProductAdapter::map_product_categories Product category (ID: 4766): ["Large Stiker","Large Stiker > Stiker One Way"].
2023-08-31T03:06:34+00:00 DEBUG Automattic\WooCommerce\GoogleListingsAndAds\Product\WCProductAdapter::map_product_categories Product category (ID: 4766): ["Large Stiker","Large Stiker > Stiker One Way"].
2023-08-31T03:06:34+00:00 DEBUG Automattic\WooCommerce\GoogleListingsAndAds\Product\WCProductAdapter::map_product_categories Product category (ID: 4766): ["Large Stiker","Large Stiker > Stiker One Way"].
2023-08-31T03:06:34+00:00 DEBUG Automattic\WooCommerce\GoogleListingsAndAds\Product\WCProductAdapter::map_product_categories Product category (ID: 4771): ["Large Stiker","Large Stiker > Stiker Vinyl Blockout"].
2023-08-31T03:06:34+00:00 DEBUG Automattic\WooCommerce\GoogleListingsAndAds\Product\WCProductAdapter::map_product_categories Product category (ID: 4771): ["Large Stiker","Large Stiker > Stiker Vinyl Blockout"].
2023-08-31T03:06:34+00:00 DEBUG Automattic\WooCommerce\GoogleListingsAndAds\Product\WCProductAdapter::map_product_categories Product category (ID: 4771): ["Large Stiker","Large Stiker > Stiker Vinyl Blockout"].
2023-08-31T03:06:34+00:00 DEBUG Automattic\WooCommerce\GoogleListingsAndAds\Product\WCProductAdapter::map_product_categories Product category (ID: 4771): ["Large Stiker","Large Stiker > Stiker Vinyl Blockout"].
2023-08-31T03:06:34+00:00 DEBUG Automattic\WooCommerce\GoogleListingsAndAds\Product\WCProductAdapter::map_product_categories Product category (ID: 4771): ["Large Stiker","Large Stiker > Stiker Vinyl Blockout"].
2023-08-31T03:06:34+00:00 DEBUG Automattic\WooCommerce\GoogleListingsAndAds\Product\WCProductAdapter::map_product_categories Product category (ID: 4771): ["Large Stiker","Large Stiker > Stiker Vinyl Blockout"].
2023-08-31T03:06:34+00:00 DEBUG Automattic\WooCommerce\GoogleListingsAndAds\Product\WCProductAdapter::map_product_categories Product category (ID: 4771): ["Large Stiker","Large Stiker > Stiker Vinyl Blockout"].
2023-08-31T03:06:34+00:00 DEBUG Automattic\WooCommerce\GoogleListingsAndAds\Product\WCProductAdapter::map_product_categories Product category (ID: 4771): ["Large Stiker","Large Stiker > Stiker Vinyl Blockout"].
2023-08-31T03:06:34+00:00 DEBUG Automattic\WooCommerce\GoogleListingsAndAds\Product\WCProductAdapter::map_product_categories Product category (ID: 4778): ["Marchandise &amp; Aksesoris > Gantungan Kunci Akrilik","Marchandise &amp; Aksesoris"].
2023-08-31T03:06:34+00:00 DEBUG Automattic\WooCommerce\GoogleListingsAndAds\Product\WCProductAdapter::map_product_categories Product category (ID: 4778): ["Marchandise &amp; Aksesoris > Gantungan Kunci Akrilik","Marchandise &amp; Aksesoris"].
2023-08-31T03:06:34+00:00 DEBUG Automattic\WooCommerce\GoogleListingsAndAds\Product\WCProductAdapter::map_product_categories Product category (ID: 4778): ["Marchandise &amp; Aksesoris > Gantungan Kunci Akrilik","Marchandise &amp; Aksesoris"].
2023-08-31T03:06:34+00:00 DEBUG Automattic\WooCommerce\GoogleListingsAndAds\Product\WCProductAdapter::map_product_categories Product category (ID: 4778): ["Marchandise &amp; Aksesoris > Gantungan Kunci Akrilik","Marchandise &amp; Aksesoris"].
2023-08-31T03:06:34+00:00 DEBUG Automattic\WooCommerce\GoogleListingsAndAds\Product\WCProductAdapter::map_product_categories Product category (ID: 4778): ["Marchandise &amp; Aksesoris > Gantungan Kunci Akrilik","Marchandise &amp; Aksesoris"].
2023-08-31T03:06:34+00:00 DEBUG Automattic\WooCommerce\GoogleListingsAndAds\Product\WCProductAdapter::map_product_categories Product category (ID: 4778): ["Marchandise &amp; Aksesoris > Gantungan Kunci Akrilik","Marchandise &amp; Aksesoris"].
2023-08-31T03:06:34+00:00 DEBUG Automattic\WooCommerce\GoogleListingsAndAds\Product\WCProductAdapter::map_product_categories Product category (ID: 4778): ["Marchandise &amp; Aksesoris > Gantungan Kunci Akrilik","Marchandise &amp; Aksesoris"].
2023-08-31T03:06:34+00:00 DEBUG Automattic\WooCommerce\GoogleListingsAndAds\Product\WCProductAdapter::map_product_categories Product category (ID: 4778): ["Marchandise &amp; Aksesoris > Gantungan Kunci Akrilik","Marchandise &amp; Aksesoris"].
2023-08-31T03:06:34+00:00 DEBUG Automattic\WooCommerce\GoogleListingsAndAds\Product\WCProductAdapter::map_product_categories Product category (ID: 4778): ["Marchandise &amp; Aksesoris > Gantungan Kunci Akrilik","Marchandise &amp; Aksesoris"].
2023-08-31T03:06:34+00:00 DEBUG Automattic\WooCommerce\GoogleListingsAndAds\Product\WCProductAdapter::map_product_categories Product category (ID: 4778): ["Marchandise &amp; Aksesoris > Gantungan Kunci Akrilik","Marchandise &amp; Aksesoris"].
2023-08-31T03:06:34+00:00 DEBUG Automattic\WooCommerce\GoogleListingsAndAds\Product\WCProductAdapter::map_product_categories Product category (ID: 4778): ["Marchandise &amp; Aksesoris > Gantungan Kunci Akrilik","Marchandise &amp; Aksesoris"].
2023-08-31T03:06:34+00:00 DEBUG Automattic\WooCommerce\GoogleListingsAndAds\Product\WCProductAdapter::map_product_categories Product category (ID: 4778): ["Marchandise &amp; Aksesoris > Gantungan Kunci Akrilik","Marchandise &amp; Aksesoris"].
2023-08-31T03:06:36+00:00 DEBUG Automattic\WooCommerce\GoogleListingsAndAds\Product\ProductSyncer::update_by_batch_requests Submitted 98 products:
[{"woocommerce_id":4713,"google_id":"online:id:ID:gla_4713"},{"woocommerce_id":4714,"google_id":"online:id:ID:gla_4714"},{"woocommerce_id":4711,"google_id":"online:id:ID:gla_4711"},{"woocommerce_id":4712,"google_id":"online:id:ID:gla_4712"},{"woocommerce_id":4711,"google_id":"online:id:ID:gla_4711"},{"woocommerce_id":4712,"google_id":"online:id:ID:gla_4712"},{"woocommerce_id":4713,"google_id":"online:id:ID:gla_4713"},{"woocommerce_id":4714,"google_id":"online:id:ID:gla_4714"},{"woocommerce_id":4717,"google_id":"online:id:ID:gla_4717"},{"woocommerce_id":4718,"google_id":"online:id:ID:gla_4718"},{"woocommerce_id":4717,"google_id":"online:id:ID:gla_4717"},{"woocommerce_id":4718,"google_id":"online:id:ID:gla_4718"},{"woocommerce_id":4721,"google_id":"online:id:ID:gla_4721"},{"woocommerce_id":4722,"google_id":"online:id:ID:gla_4722"},{"woocommerce_id":4721,"google_id":"online:id:ID:gla_4721"},{"woocommerce_id":4722,"google_id":"online:id:ID:gla_4722"},{"woocommerce_id":4725,"google_id":"online:id:ID:gla_4725"},{"woocommerce_id":4726,"google_id":"online:id:ID:gla_4726"},{"woocommerce_id":4725,"google_id":"online:id:ID:gla_4725"},{"woocommerce_id":4726,"google_id":"online:id:ID:gla_4726"},{"woocommerce_id":4732,"google_id":"online:id:ID:gla_4732"},{"woocommerce_id":4729,"google_id":"online:id:ID:gla_4729"},{"woocommerce_id":4730,"google_id":"online:id:ID:gla_4730"},{"woocommerce_id":4731,"google_id":"online:id:ID:gla_4731"},{"woocommerce_id":4729,"google_id":"online:id:ID:gla_4729"},{"woocommerce_id":4730,"google_id":"online:id:ID:gla_4730"},{"woocommerce_id":4731,"google_id":"online:id:ID:gla_4731"},{"woocommerce_id":4732,"google_id":"online:id:ID:gla_4732"},{"woocommerce_id":4735,"google_id":"online:id:ID:gla_4735"},{"woocommerce_id":4736,"google_id":"online:id:ID:gla_4736"},{"woocommerce_id":4735,"google_id":"online:id:ID:gla_4735"},{"woocommerce_id":4736,"google_id":"online:id:ID:gla_4736"},{"woocommerce_id":4739,"google_id":"online:id:ID:gla_4739"},{"woocommerce_id":4740,"google_id":"online:id:ID:gla_4740"},{"woocommerce_id":4741,"google_id":"online:id:ID:gla_4741"},{"woocommerce_id":4742,"google_id":"online:id:ID:gla_4742"},{"woocommerce_id":4743,"google_id":"online:id:ID:gla_4743"},{"woocommerce_id":4739,"google_id":"online:id:ID:gla_4739"},{"woocommerce_id":4740,"google_id":"online:id:ID:gla_4740"},{"woocommerce_id":4741,"google_id":"online:id:ID:gla_4741"},{"woocommerce_id":4742,"google_id":"online:id:ID:gla_4742"},{"woocommerce_id":4743,"google_id":"online:id:ID:gla_4743"},{"woocommerce_id":4746,"google_id":"online:id:ID:gla_4746"},{"woocommerce_id":4747,"google_id":"online:id:ID:gla_4747"},{"woocommerce_id":4746,"google_id":"online:id:ID:gla_4746"},{"woocommerce_id":4747,"google_id":"online:id:ID:gla_4747"},{"woocommerce_id":4751,"google_id":"online:id:ID:gla_4751"},{"woocommerce_id":4752,"google_id":"online:id:ID:gla_4752"},{"woocommerce_id":4753,"google_id":"online:id:ID:gla_4753"},{"woocommerce_id":4754,"google_id":"online:id:ID:gla_4754"},{"woocommerce_id":4751,"google_id":"online:id:ID:gla_4751"},{"woocommerce_id":4752,"google_id":"online:id:ID:gla_4752"},{"woocommerce_id":4753,"google_id":"online:id:ID:gla_4753"},{"woocommerce_id":4754,"google_id":"online:id:ID:gla_4754"},{"woocommerce_id":4757,"google_id":"online:id:ID:gla_4757"},{"woocommerce_id":4758,"google_id":"online:id:ID:gla_4758"},{"woocommerce_id":4759,"google_id":"online:id:ID:gla_4759"},{"woocommerce_id":4760,"google_id":"online:id:ID:gla_4760"},{"woocommerce_id":4757,"google_id":"online:id:ID:gla_4757"},{"woocommerce_id":4758,"google_id":"online:id:ID:gla_4758"},{"woocommerce_id":4759,"google_id":"online:id:ID:gla_4759"},{"woocommerce_id":4760,"google_id":"online:id:ID:gla_4760"},{"woocommerce_id":4762,"google_id":"online:id:ID:gla_4762"},{"woocommerce_id":4763,"google_id":"online:id:ID:gla_4763"},{"woocommerce_id":4764,"google_id":"online:id:ID:gla_4764"},{"woocommerce_id":4765,"google_id":"online:id:ID:gla_4765"},{"woocommerce_id":4762,"google_id":"online:id:ID:gla_4762"},{"woocommerce_id":4763,"google_id":"online:id:ID:gla_4763"},{"woocommerce_id":4764,"google_id":"online:id:ID:gla_4764"},{"woocommerce_id":4765,"google_id":"online:id:ID:gla_4765"},{"woocommerce_id":4767,"google_id":"online:id:ID:gla_4767"},{"woocommerce_id":4768,"google_id":"online:id:ID:gla_4768"},{"woocommerce_id":4769,"google_id":"online:id:ID:gla_4769"},{"woocommerce_id":4770,"google_id":"online:id:ID:gla_4770"},{"woocommerce_id":4767,"google_id":"online:id:ID:gla_4767"},{"woocommerce_id":4768,"google_id":"online:id:ID:gla_4768"},{"woocommerce_id":4769,"google_id":"online:id:ID:gla_4769"},{"woocommerce_id":4770,"google_id":"online:id:ID:gla_4770"},{"woocommerce_id":4774,"google_id":"online:id:ID:gla_4774"},{"woocommerce_id":4775,"google_id":"online:id:ID:gla_4775"},{"woocommerce_id":4776,"google_id":"online:id:ID:gla_4776"},{"woocommerce_id":4777,"google_id":"online:id:ID:gla_4777"},{"woocommerce_id":4774,"google_id":"online:id:ID:gla_4774"},{"woocommerce_id":4775,"google_id":"online:id:ID:gla_4775"},{"woocommerce_id":4776,"google_id":"online:id:ID:gla_4776"},{"woocommerce_id":4777,"google_id":"online:id:ID:gla_4777"},{"woocommerce_id":4780,"google_id":"online:id:ID:gla_4780"},{"woocommerce_id":4781,"google_id":"online:id:ID:gla_4781"},{"woocommerce_id":4782,"google_id":"online:id:ID:gla_4782"},{"woocommerce_id":4783,"google_id":"online:id:ID:gla_4783"},{"woocommerce_id":4784,"google_id":"online:id:ID:gla_4784"},{"woocommerce_id":4785,"google_id":"online:id:ID:gla_4785"},{"woocommerce_id":4780,"google_id":"online:id:ID:gla_4780"},{"woocommerce_id":4781,"google_id":"online:id:ID:gla_4781"},{"woocommerce_id":4782,"google_id":"online:id:ID:gla_4782"},{"woocommerce_id":4783,"google_id":"online:id:ID:gla_4783"},{"woocommerce_id":4784,"google_id":"online:id:ID:gla_4784"},{"woocommerce_id":4785,"google_id":"online:id:ID:gla_4785"}]
